[0m[[0m[0mdebug[0m] [0m[0m> Exec(submit jophmartel@gmail.com 0R7PsdplfrYEQJZF, Some(227a5c87-c59c-4a31-a9de-70aa4302a46f), Some(CommandSource(console0)))[0m
[0m[[0m[0mdebug[0m] [0m[0mEvaluating tasks: submit[0m
[0m[[0m[0mdebug[0m] [0m[0mRunning task... Cancel: Signal, check cycles: false, forcegc: true[0m
[0m[[0m[0minfo[0m] [0m[0mcompiling 2 Scala sources to /home/knoldus/IdeaProjects/recfun/target/scala-2.13/classes ...[0m
[0m[[0m[0minfo[0m] [0m[0mRunning scalafix on 2 Scala sources[0m
[0m[[0m[0minfo[0m] [0m[0mAttempting to submit "recfun" assignment in "scala2-functional-programming" course[0m
[0m[[0m[0minfo[0m] [0m[0mUsing:[0m
[0m[[0m[0minfo[0m] [0m[0m- email: jophmartel@gmail.com[0m
[0m[[0m[0minfo[0m] [0m[0m- submit token: 0R7PsdplfrYEQJZF[0m
[0m[[0m[0minfo[0m] [0m[0mConnecting to Coursera...[0m
[0m[[0m[0minfo[0m] [0m[0mSuccessfully connected to Coursera. (Status 201)[0m
[0m[[0m[0minfo[0m] [0m[0m[0m
[0m[[0m[0minfo[0m] [0m[0mAssignment submitted successfully![0m
[0m[[0m[0minfo[0m] [0m[0m[0m
[0m[[0m[0minfo[0m] [0m[0mYou can see how you scored by going to:[0m
[0m[[0m[0minfo[0m] [0m[0mhttps://www.coursera.org/learn/scala2-functional-programming/programming/7mkuF/[0m
[0m[[0m[0minfo[0m] [0m[0mor (for premium learners):[0m
[0m[[0m[0minfo[0m] [0m[0mhttps://www.coursera.org/learn/scala2-functional-programming/programming/hNpAD[0m
[0m[[0m[0minfo[0m] [0m[0m                       [0m
[0m[[0m[0minfo[0m] [0m[0mand clicking on "My Submission".[0m
[0m[[0m[32msuccess[0m] [0m[0mTotal time: 6 s, completed 20-Oct-2022, 9:26:41 AM[0m
[0m[[0m[0mdebug[0m] [0m[0m> Exec(shell, None, None)[0m
